<?xml version="1.0" encoding="UTF-8"?>
<testsuite name="org.huang.dockerweb.dockerweb.DockerwebApplicationTests" tests="1" skipped="0" failures="0" errors="0" timestamp="2020-03-21T04:22:10" hostname="localhost.localdomain" time="0.279">
  <properties/>
  <testcase name="contextLoads()" classname="org.huang.dockerweb.dockerweb.DockerwebApplicationTests" time="0.279"/>
  <system-out><![CDATA[00:22:07.741 [Test worker] DEBUG org.springframework.test.context.BootstrapUtils - Instantiating CacheAwareContextLoaderDelegate from class [org.springframework.test.context.cache.DefaultCacheAwareContextLoaderDelegate]
00:22:07.749 [Test worker] DEBUG org.springframework.test.context.BootstrapUtils - Instantiating BootstrapContext using constructor [public org.springframework.test.context.support.DefaultBootstrapContext(java.lang.Class,org.springframework.test.context.CacheAwareContextLoaderDelegate)]
00:22:07.772 [Test worker] DEBUG org.springframework.test.context.BootstrapUtils - Instantiating TestContextBootstrapper for test class [org.huang.dockerweb.dockerweb.DockerwebApplicationTests] from class [org.springframework.boot.test.context.SpringBootTestContextBootstrapper]
00:22:07.795 [Test worker] INFO org.springframework.boot.test.context.SpringBootTestContextBootstrapper - Neither @ContextConfiguration nor @ContextHierarchy found for test class [org.huang.dockerweb.dockerweb.DockerwebApplicationTests], using SpringBootContextLoader
00:22:07.797 [Test worker] DEBUG org.springframework.test.context.support.AbstractContextLoader - Did not detect default resource location for test class [org.huang.dockerweb.dockerweb.DockerwebApplicationTests]: class path resource [org/huang/dockerweb/dockerweb/DockerwebApplicationTests-context.xml] does not exist
00:22:07.798 [Test worker] DEBUG org.springframework.test.context.support.AbstractContextLoader - Did not detect default resource location for test class [org.huang.dockerweb.dockerweb.DockerwebApplicationTests]: class path resource [org/huang/dockerweb/dockerweb/DockerwebApplicationTestsContext.groovy] does not exist
00:22:07.798 [Test worker] INFO org.springframework.test.context.support.AbstractContextLoader - Could not detect default resource locations for test class [org.huang.dockerweb.dockerweb.DockerwebApplicationTests]: no resource found for suffixes {-context.xml, Context.groovy}.
00:22:07.798 [Test worker] INFO org.springframework.test.context.support.AnnotationConfigContextLoaderUtils - Could not detect default configuration classes for test class [org.huang.dockerweb.dockerweb.DockerwebApplicationTests]: DockerwebApplicationTests does not declare any static, non-private, non-final, nested classes annotated with @Configuration.
00:22:07.852 [Test worker] DEBUG org.springframework.test.context.support.ActiveProfilesUtils - Could not find an 'annotation declaring class' for annotation type [org.springframework.test.context.ActiveProfiles] and class [org.huang.dockerweb.dockerweb.DockerwebApplicationTests]
00:22:07.941 [Test worker] DEBUG org.springframework.context.annotation.ClassPathScanningCandidateComponentProvider - Identified candidate component class: file [/home/huang/github/docker-leaning/simple/dockerweb/build/classes/java/main/org/huang/dockerweb/dockerweb/DockerwebApplication.class]
00:22:07.942 [Test worker] INFO org.springframework.boot.test.context.SpringBootTestContextBootstrapper - Found @SpringBootConfiguration org.huang.dockerweb.dockerweb.DockerwebApplication for test class org.huang.dockerweb.dockerweb.DockerwebApplicationTests
00:22:08.057 [Test worker] DEBUG org.springframework.boot.test.context.SpringBootTestContextBootstrapper - @TestExecutionListeners is not present for class [org.huang.dockerweb.dockerweb.DockerwebApplicationTests]: using defaults.
00:22:08.058 [Test worker] INFO org.springframework.boot.test.context.SpringBootTestContextBootstrapper - Loaded default TestExecutionListener class names from location [META-INF/spring.factories]: [org.springframework.boot.test.autoconfigure.restdocs.RestDocsTestExecutionListener, org.springframework.boot.test.autoconfigure.web.client.MockRestServiceServerResetTestExecutionListener, org.springframework.boot.test.autoconfigure.web.servlet.MockMvcPrintOnlyOnFailureTestExecutionListener, org.springframework.boot.test.autoconfigure.web.servlet.WebDriverTestExecutionListener, org.springframework.boot.test.mock.mockito.MockitoTestExecutionListener, org.springframework.boot.test.mock.mockito.ResetMocksTestExecutionListener, org.springframework.test.context.web.ServletTestExecutionListener, org.springframework.test.context.support.DirtiesContextBeforeModesTestExecutionListener, org.springframework.test.context.support.DependencyInjectionTestExecutionListener, org.springframework.test.context.support.DirtiesContextTestExecutionListener, org.springframework.test.context.transaction.TransactionalTestExecutionListener, org.springframework.test.context.jdbc.SqlScriptsTestExecutionListener, org.springframework.test.context.event.EventPublishingTestExecutionListener]
00:22:08.063 [Test worker] DEBUG org.springframework.boot.test.context.SpringBootTestContextBootstrapper - Skipping candidate TestExecutionListener [org.springframework.test.context.transaction.TransactionalTestExecutionListener] due to a missing dependency. Specify custom listener classes or make the default listener classes and their required dependencies available. Offending class: [org/springframework/transaction/TransactionDefinition]
00:22:08.064 [Test worker] DEBUG org.springframework.boot.test.context.SpringBootTestContextBootstrapper - Skipping candidate TestExecutionListener [org.springframework.test.context.jdbc.SqlScriptsTestExecutionListener] due to a missing dependency. Specify custom listener classes or make the default listener classes and their required dependencies available. Offending class: [org/springframework/transaction/interceptor/TransactionAttribute]
00:22:08.064 [Test worker] INFO org.springframework.boot.test.context.SpringBootTestContextBootstrapper - Using TestExecutionListeners: [org.springframework.test.context.web.ServletTestExecutionListener@105d083d, org.springframework.test.context.support.DirtiesContextBeforeModesTestExecutionListener@322f28e4, org.springframework.boot.test.mock.mockito.MockitoTestExecutionListener@5f649a32, org.springframework.boot.test.autoconfigure.SpringBootDependencyInjectionTestExecutionListener@72886333, org.springframework.test.context.support.DirtiesContextTestExecutionListener@a6c81bf, org.springframework.test.context.event.EventPublishingTestExecutionListener@414fe01e, org.springframework.boot.test.autoconfigure.restdocs.RestDocsTestExecutionListener@3a01570f, org.springframework.boot.test.autoconfigure.web.client.MockRestServiceServerResetTestExecutionListener@b212a87, org.springframework.boot.test.autoconfigure.web.servlet.MockMvcPrintOnlyOnFailureTestExecutionListener@652e3325, org.springframework.boot.test.autoconfigure.web.servlet.WebDriverTestExecutionListener@5b5f608e, org.springframework.boot.test.mock.mockito.ResetMocksTestExecutionListener@6b56fdc5]
00:22:08.072 [Test worker] DEBUG org.springframework.test.context.support.AbstractDirtiesContextTestExecutionListener - Before test class: context [DefaultTestContext@609f126e testClass = DockerwebApplicationTests, testInstance = [null], testMethod = [null], testException = [null], mergedContextConfiguration = [WebMergedContextConfiguration@741fb62a testClass = DockerwebApplicationTests, locations = '{}', classes = '{class org.huang.dockerweb.dockerweb.DockerwebApplication}', contextInitializerClasses = '[]', activeProfiles = '{}', propertySourceLocations = '{}', propertySourceProperties = '{org.springframework.boot.test.context.SpringBootTestContextBootstrapper=true}', contextCustomizers = set[org.springframework.boot.test.autoconfigure.properties.PropertyMappingContextCustomizer@0, org.springframework.boot.test.autoconfigure.web.servlet.WebDriverContextCustomizerFactory$Customizer@75292e8d, org.springframework.boot.test.context.filter.ExcludeFilterContextCustomizer@4065e05b, org.springframework.boot.test.json.DuplicateJsonObjectContextCustomizerFactory$DuplicateJsonObjectContextCustomizer@2c85d912, org.springframework.boot.test.mock.mockito.MockitoContextCustomizer@0, org.springframework.boot.test.web.client.TestRestTemplateContextCustomizer@6e74d9e4], resourceBasePath = 'src/main/webapp', contextLoader = 'org.springframework.boot.test.context.SpringBootContextLoader', parent = [null]], attributes = map['org.springframework.test.context.web.ServletTestExecutionListener.activateListener' -> true]], class annotated with @DirtiesContext [false] with mode [null].
00:22:08.103 [Test worker] DEBUG org.springframework.test.context.support.TestPropertySourceUtils - Adding inlined properties to environment: {spring.jmx.enabled=false, org.springframework.boot.test.context.SpringBootTestContextBootstrapper=true, server.port=-1}

  .   ____          _            __ _ _
 /\\ / ___'_ __ _ _(_)_ __  __ _ \ \ \ \
( ( )\___ | '_ | '_| | '_ \/ _` | \ \ \ \
 \\/  ___)| |_)| | | | | || (_| |  ) ) ) )
  '  |____| .__|_| |_|_| |_\__, | / / / /
 =========|_|==============|___/=/_/_/_/
 :: Spring Boot ::        (v2.2.5.RELEASE)

2020-03-21 00:22:08.388  INFO 8579 --- [    Test worker] o.h.d.d.DockerwebApplicationTests        : Starting DockerwebApplicationTests on localhost.localdomain with PID 8579 (started by huang in /home/huang/github/docker-leaning/simple/dockerweb)
2020-03-21 00:22:08.389  INFO 8579 --- [    Test worker] o.h.d.d.DockerwebApplicationTests        : No active profile set, falling back to default profiles: default
2020-03-21 00:22:10.453  INFO 8579 --- [    Test worker] o.s.s.concurrent.ThreadPoolTaskExecutor  : Initializing ExecutorService 'applicationTaskExecutor'
2020-03-21 00:22:10.885  INFO 8579 --- [    Test worker] o.h.d.d.DockerwebApplicationTests        : Started DockerwebApplicationTests in 2.776 seconds (JVM running for 4.052)
]]></system-out>
  <system-err><![CDATA[]]></system-err>
</testsuite>
